[18:02:15] ([31merror[39m) -> ECONNREFUSED
[18:02:28] ([31merror[39m) -> ECONNREFUSED
[18:49:22] ([31merror[39m) -> hola
[18:49:31] ([32minfo[39m) -> hola
[18:49:39] ([32minfo[39m) -> 489688af-2131-11ef-b877-a8a15957a2c4
[18:49:41] ([32minfo[39m) -> 489688af-2131-11ef-b877-a8a15957a2c4
[22:04:14] ([32minfo[39m) -> 
[22:20:41] ([33mwarn[39m) -> hola
[18:41:00] ([31merror[39m) -> ERR-001
[18:41:28] ([31merror[39m) -> ERR-001
[18:41:34] ([31merror[39m) -> ERR-001
[18:41:38] ([31merror[39m) -> ERR-001
[18:41:47] ([31merror[39m) -> ERR-001
[18:41:58] ([31merror[39m) -> ERR-001
[18:42:08] ([31merror[39m) -> ERR-001
[18:42:52] ([31merror[39m) -> ERR-001
[18:45:44] ([31merror[39m) -> ERR-001
[18:45:45] ([31merror[39m) -> ERR-001
[18:20:04] ([31merror[39m) -> ECONNREFUSED
[18:20:05] ([31merror[39m) -> ECONNREFUSED
[18:20:23] ([31merror[39m) -> ECONNREFUSED
[18:34:00] ([31merror[39m) -> ERR-001
[18:34:19] ([31merror[39m) -> ERR-001
[18:34:29] ([31merror[39m) -> ERR-001
[18:34:33] ([31merror[39m) -> ERR-001
[18:34:59] ([31merror[39m) -> ERR-001
[18:35:13] ([31merror[39m) -> ERR-001
[18:35:28] ([31merror[39m) -> ERR-001
[18:35:38] ([31merror[39m) -> ERR-001
[18:36:25] ([31merror[39m) -> ERR-001
[18:36:45] ([31merror[39m) -> ERR-001
[18:36:47] ([31merror[39m) -> ERR-001
[18:37:08] ([31merror[39m) -> ERR-001
[18:37:18] ([31merror[39m) -> ERR-001
[18:37:26] ([31merror[39m) -> ERR-001
[18:37:27] ([31merror[39m) -> ERR-001
[18:37:41] ([31merror[39m) -> ERR-001
[18:37:46] ([31merror[39m) -> ERR-001
[18:37:51] ([31merror[39m) -> ERR-001
[18:37:54] ([31merror[39m) -> ERR-001
[18:37:58] ([31merror[39m) -> ERR-001
[18:38:02] ([31merror[39m) -> ERR-001
[18:38:03] ([31merror[39m) -> ERR-001
[18:38:43] ([31merror[39m) -> ERR-001
[18:38:49] ([31merror[39m) -> ERR-001
[18:39:44] ([31merror[39m) -> ERR-001
[18:39:51] ([31merror[39m) -> ERR-001
[18:40:12] ([31merror[39m) -> ERR-001
[18:40:19] ([31merror[39m) -> ERR-001
[18:40:27] ([31merror[39m) -> ERR-001
[18:40:36] ([31merror[39m) -> ERR-001
[18:40:38] ([31merror[39m) -> ERR-001
[18:40:53] ([31merror[39m) -> ERR-001
[18:41:06] ([31merror[39m) -> ERR-001
[18:41:10] ([31merror[39m) -> ERR-001
[18:41:48] ([31merror[39m) -> ERR-001
[18:41:54] ([31merror[39m) -> ERR-001
[18:41:59] ([31merror[39m) -> ERR-001
[18:42:05] ([31merror[39m) -> ERR-001
[18:42:16] ([31merror[39m) -> ERR-001
[18:42:29] ([31merror[39m) -> ERR-001
[18:42:44] ([31merror[39m) -> ERR-001
[18:42:45] ([31merror[39m) -> ERR-001
[18:42:53] ([31merror[39m) -> ERR-001
[18:43:02] ([31merror[39m) -> ERR-001
[18:43:09] ([31merror[39m) -> ERR-001
[18:43:33] ([31merror[39m) -> ERR-001
[18:43:38] ([31merror[39m) -> ERR-001
[18:43:42] ([31merror[39m) -> ERR-001
[18:43:46] ([31merror[39m) -> ERR-001
[18:43:50] ([31merror[39m) -> ERR-001
[18:43:58] ([31merror[39m) -> ERR-001
[18:44:01] ([31merror[39m) -> ERR-001
[18:49:25] ([31merror[39m) -> ERR-001
[18:49:35] ([31merror[39m) -> ERR-001
[18:50:11] ([31merror[39m) -> ERR-001
[18:50:18] ([31merror[39m) -> ERR-001
[18:50:32] ([31merror[39m) -> ERR-001
[18:50:35] ([31merror[39m) -> ERR-001
[18:50:41] ([31merror[39m) -> ERR-001
[18:51:19] ([31merror[39m) -> ERR-001
[18:51:28] ([31merror[39m) -> ERR-001
[18:51:39] ([31merror[39m) -> ERR-001
[18:53:05] ([31merror[39m) -> ERR-001
[19:11:55] ([31merror[39m) -> ERR-001
[19:12:08] ([31merror[39m) -> ERR-001
[19:12:26] ([31merror[39m) -> ERR-001
[19:14:32] ([31merror[39m) -> ERR-001
[17:30:55] ([31merror[39m) -> ERR-001
